   1               		.file	"main.c"
   2               	__SREG__ = 0x3f
   3               	__SP_H__ = 0x3e
   4               	__SP_L__ = 0x3d
   5               	__CCP__  = 0x34
   6               	__tmp_reg__ = 0
   7               	__zero_reg__ = 1
  15               	.Ltext0:
  16               	.global	main
  18               	main:
  19               	.LFB7:
  20               	.LM1:
  21               	/* prologue: function */
  22               	/* frame size = 0 */
  23               	.LM2:
  24 0000 8FEF      		ldi r24,lo8(-1)
  25 0002 87BB      		out 55-32,r24
  26               	.LM3:
  27 0004 83E8      		ldi r24,lo8(-125)
  28 0006 86B9      		out 38-32,r24
  29               	.LM4:
  30 0008 80E4      		ldi r24,lo8(64)
  31 000a 87B9      		out 39-32,r24
  32               	.LM5:
  33 000c 4FEF      		ldi r20,lo8(-1)
  34               	.L7:
  35               	.LM6:
  36 000e 369A      		sbi 38-32,6
  37               	.L2:
  38               	.LM7:
  39 0010 369B      		sbis 38-32,6
  40 0012 00C0      		rjmp .L2
  41               	.LM8:
  42 0014 84B1      		in r24,36-32
  43 0016 25B1      		in r18,37-32
  44               	.LM9:
  45 0018 322F      		mov r19,r18
  46 001a 20E0      		ldi r18,lo8(0)
  47 001c 90E0      		ldi r25,lo8(0)
  48 001e 822B      		or r24,r18
  49 0020 932B      		or r25,r19
  50 0022 845F      		subi r24,lo8(500)
  51 0024 9140      		sbci r25,hi8(500)
  52 0026 00F4      		brsh .L3
  53               	.LM10:
  54 0028 48BB      		out 56-32,r20
  55 002a 00C0      		rjmp .L7
  56               	.L3:
  57               	.LM11:
  58 002c 18BA      		out 56-32,__zero_reg__
  59 002e 00C0      		rjmp .L7
  60               	.LFE7:
  62               		.comm val,2,1
  87               	.Letext0:
DEFINED SYMBOLS
                            *ABS*:00000000 main.c
C:\Users\ansal\AppData\Local\Temp/cc0rqrCu.s:2      *ABS*:0000003f __SREG__
C:\Users\ansal\AppData\Local\Temp/cc0rqrCu.s:3      *ABS*:0000003e __SP_H__
C:\Users\ansal\AppData\Local\Temp/cc0rqrCu.s:4      *ABS*:0000003d __SP_L__
C:\Users\ansal\AppData\Local\Temp/cc0rqrCu.s:5      *ABS*:00000034 __CCP__
C:\Users\ansal\AppData\Local\Temp/cc0rqrCu.s:6      *ABS*:00000000 __tmp_reg__
C:\Users\ansal\AppData\Local\Temp/cc0rqrCu.s:7      *ABS*:00000001 __zero_reg__
C:\Users\ansal\AppData\Local\Temp/cc0rqrCu.s:18     .text:00000000 main
                            *COM*:00000002 val

UNDEFINED SYMBOLS
__do_clear_bss
